2025-06-27 11:30:18,798 - INFO - Writing data to yellow_tripdata_2020-01.parquet
2025-06-27 11:30:18,921 - INFO - Writing data to yellow_tripdata_2020-02.parquet
2025-06-27 11:30:39,435 - ERROR - Cannot download file because: Incomplete download for file yellow_tripdata_2020-01.parquet, expected 93562858, got 93562858
2025-06-27 11:30:41,609 - INFO - Writing data to yellow_tripdata_2020-01.parquet
2025-06-27 11:30:42,171 - ERROR - Cannot download file because: Incomplete download for file yellow_tripdata_2020-02.parquet, expected 92134881, got 92134881
2025-06-27 11:30:44,404 - INFO - Writing data to yellow_tripdata_2020-02.parquet
2025-06-27 11:30:58,410 - ERROR - Cannot download file because: Incomplete download for file yellow_tripdata_2020-01.parquet, expected 93562858, got 93562858
2025-06-27 11:31:00,577 - INFO - Writing data to yellow_tripdata_2020-01.parquet
2025-06-27 11:31:03,187 - ERROR - Cannot download file because: Incomplete download for file yellow_tripdata_2020-02.parquet, expected 92134881, got 92134881
2025-06-27 11:31:05,399 - INFO - Writing data to yellow_tripdata_2020-02.parquet
2025-06-27 11:31:21,918 - ERROR - Cannot download file because: Incomplete download for file yellow_tripdata_2020-01.parquet, expected 93562858, got 93562858
2025-06-27 11:31:21,918 - ERROR - Failed to download yellow_tripdata_2020-01.parquet
2025-06-27 11:31:23,039 - ERROR - Cannot download file because: Incomplete download for file yellow_tripdata_2020-02.parquet, expected 92134881, got 92134881
2025-06-27 11:31:23,040 - ERROR - Failed to download yellow_tripdata_2020-02.parquet
2025-06-27 11:47:41,055 - INFO - Writing data to yellow_tripdata_2020-02.parquet
2025-06-27 11:47:41,056 - ERROR - Cannot download file yellow_tripdata_2020-02.parquet because: [Errno 2] No such file or directory: 'data/2020zx/yellow_tripdata_2020-02.parquet'
2025-06-27 11:48:12,589 - INFO - Writing data to yellow_tripdata_2020-01.parquet
2025-06-27 11:48:12,590 - ERROR - Cannot download file yellow_tripdata_2020-01.parquet because: [Errno 2] No such file or directory: 'data/2020zx/yellow_tripdata_2020-01.parquet'
2025-06-27 11:48:12,591 - INFO - Writing data to yellow_tripdata_2020-02.parquet
2025-06-27 11:48:12,591 - ERROR - Cannot download file yellow_tripdata_2020-02.parquet because: [Errno 2] No such file or directory: 'data/2020zx/yellow_tripdata_2020-02.parquet'
2025-06-27 11:48:15,071 - INFO - Writing data to yellow_tripdata_2020-01.parquet
2025-06-27 11:48:15,072 - ERROR - Cannot download file yellow_tripdata_2020-01.parquet because: [Errno 2] No such file or directory: 'data/2020zx/yellow_tripdata_2020-01.parquet'
2025-06-27 11:48:15,115 - INFO - Writing data to yellow_tripdata_2020-02.parquet
2025-06-27 11:48:15,116 - ERROR - Cannot download file yellow_tripdata_2020-02.parquet because: [Errno 2] No such file or directory: 'data/2020zx/yellow_tripdata_2020-02.parquet'
2025-06-27 11:48:17,567 - INFO - Writing data to yellow_tripdata_2020-01.parquet
2025-06-27 11:48:17,568 - ERROR - Cannot download file yellow_tripdata_2020-01.parquet because: [Errno 2] No such file or directory: 'data/2020zx/yellow_tripdata_2020-01.parquet'
2025-06-27 11:48:17,569 - ERROR - Cannot download file yellow_tripdata_2020-01.parquet because: Failed to download after all attempts
2025-06-27 11:48:17,645 - INFO - Writing data to yellow_tripdata_2020-02.parquet
2025-06-27 11:48:17,645 - ERROR - Cannot download file yellow_tripdata_2020-02.parquet because: [Errno 2] No such file or directory: 'data/2020zx/yellow_tripdata_2020-02.parquet'
2025-06-27 11:48:17,646 - ERROR - Cannot download file yellow_tripdata_2020-02.parquet because: Failed to download after all attempts
2025-06-27 11:48:55,269 - INFO - Writing data to yellow_tripdata_2020-01.parquet
2025-06-27 11:48:55,270 - ERROR - Cannot download file yellow_tripdata_2020-01.parquet because: [Errno 2] No such file or directory: 'data/2020zx/yellow_tripdata_2020-01.parquet'
2025-06-27 11:48:55,280 - INFO - Writing data to yellow_tripdata_2020-02.parquet
2025-06-27 11:48:55,281 - ERROR - Cannot download file yellow_tripdata_2020-02.parquet because: [Errno 2] No such file or directory: 'data/2020zx/yellow_tripdata_2020-02.parquet'
2025-06-27 11:48:57,753 - INFO - Writing data to yellow_tripdata_2020-01.parquet
2025-06-27 11:48:57,753 - ERROR - Cannot download file yellow_tripdata_2020-01.parquet because: [Errno 2] No such file or directory: 'data/2020zx/yellow_tripdata_2020-01.parquet'
2025-06-27 11:48:57,846 - INFO - Writing data to yellow_tripdata_2020-02.parquet
2025-06-27 11:48:57,847 - ERROR - Cannot download file yellow_tripdata_2020-02.parquet because: [Errno 2] No such file or directory: 'data/2020zx/yellow_tripdata_2020-02.parquet'
2025-06-27 11:49:00,248 - INFO - Writing data to yellow_tripdata_2020-01.parquet
2025-06-27 11:49:00,249 - ERROR - Cannot download file yellow_tripdata_2020-01.parquet because: [Errno 2] No such file or directory: 'data/2020zx/yellow_tripdata_2020-01.parquet'
2025-06-27 11:49:00,249 - ERROR - Failed to download yellow_tripdata_2020-01.parquet after all attempts
2025-06-27 11:49:00,356 - INFO - Writing data to yellow_tripdata_2020-02.parquet
2025-06-27 11:49:00,357 - ERROR - Cannot download file yellow_tripdata_2020-02.parquet because: [Errno 2] No such file or directory: 'data/2020zx/yellow_tripdata_2020-02.parquet'
2025-06-27 11:49:00,358 - ERROR - Failed to download yellow_tripdata_2020-02.parquet after all attempts
2025-06-27 11:52:02,414 - INFO - Writing data to yellow_tripdata_2020-02.parquet
2025-06-27 11:52:02,415 - ERROR - Cannot download file yellow_tripdata_2020-02.parquet because: [Errno 2] No such file or directory: 'data/2020zx/yellow_tripdata_2020-02.parquet'
2025-06-27 11:53:32,635 - INFO - Writing data to yellow_tripdata_2020-02.parquet
2025-06-27 11:53:32,636 - ERROR - Cannot download file yellow_tripdata_2020-02.parquet because: [Errno 2] No such file or directory: 'data/2020zx/yellow_tripdata_2020-02.parquet'
2025-06-27 11:53:54,912 - INFO - Writing data to yellow_tripdata_2020-02.parquet
2025-06-27 11:53:54,913 - ERROR - Cannot download file yellow_tripdata_2020-02.parquet because: [Errno 2] No such file or directory: 'data/2020zx/yellow_tripdata_2020-02.parquet'
2025-06-27 11:54:18,726 - INFO - Writing data to yellow_tripdata_2020-02.parquet
2025-06-27 11:54:18,726 - ERROR - Cannot download file yellow_tripdata_2020-02.parquet because: [Errno 2] No such file or directory: 'data/2020zx/yellow_tripdata_2020-02.parquet'
2025-06-27 14:13:24,251 - INFO - Writing data to yellow_tripdata_2020-01.parquet
2025-06-27 14:13:24,290 - INFO - Writing data to yellow_tripdata_2020-02.parquet
2025-06-27 14:13:42,449 - INFO - Finished download yellow_tripdata_2020-02.parquet
2025-06-27 14:13:46,766 - INFO - Finished download yellow_tripdata_2020-01.parquet
2025-06-27 14:16:03,930 - INFO - Writing data to yellow_tripdata_2020-01.parquet
2025-06-27 14:16:03,946 - INFO - Writing data to yellow_tripdata_2020-02.parquet
2025-06-27 14:16:24,150 - ERROR - Cannot download file yellow_tripdata_2020-01.parquet because: Incomplete download for file
2025-06-27 14:16:25,388 - ERROR - Cannot download file yellow_tripdata_2020-02.parquet because: Incomplete download for file
2025-06-27 14:16:26,324 - INFO - Writing data to yellow_tripdata_2020-01.parquet
2025-06-27 14:16:27,600 - INFO - Writing data to yellow_tripdata_2020-02.parquet
2025-06-27 14:16:53,051 - ERROR - Cannot download file yellow_tripdata_2020-01.parquet because: Incomplete download for file
2025-06-27 14:16:53,384 - ERROR - Cannot download file yellow_tripdata_2020-02.parquet because: Incomplete download for file
2025-06-27 14:16:55,224 - INFO - Writing data to yellow_tripdata_2020-01.parquet
2025-06-27 14:16:55,568 - INFO - Writing data to yellow_tripdata_2020-02.parquet
2025-06-27 14:17:17,676 - ERROR - Cannot download file yellow_tripdata_2020-01.parquet because: Incomplete download for file
2025-06-27 14:17:17,677 - ERROR - Failed to download yellow_tripdata_2020-01.parquet after all attempts
2025-06-27 14:17:18,221 - ERROR - Cannot download file yellow_tripdata_2020-02.parquet because: Incomplete download for file
2025-06-27 14:17:18,222 - ERROR - Failed to download yellow_tripdata_2020-02.parquet after all attempts
2025-06-27 14:30:18,959 - INFO - Writing data to yellow_tripdata_2020-02.parquet
2025-06-27 14:30:18,961 - INFO - Writing data to yellow_tripdata_2020-01.parquet
2025-06-27 14:31:01,474 - INFO - Writing data to yellow_tripdata_2020-02.parquet
2025-06-27 14:31:01,627 - INFO - Writing data to yellow_tripdata_2020-01.parquet
2025-06-27 14:31:22,100 - ERROR - Cannot download file yellow_tripdata_2020-02.parquet because: Incomplete download for file
2025-06-27 14:31:24,428 - INFO - Writing data to yellow_tripdata_2020-02.parquet
2025-06-27 14:31:25,766 - ERROR - Cannot download file yellow_tripdata_2020-01.parquet because: Incomplete download for file
2025-06-27 14:31:28,116 - INFO - Writing data to yellow_tripdata_2020-01.parquet
2025-06-27 14:31:43,108 - ERROR - Cannot download file yellow_tripdata_2020-02.parquet because: Incomplete download for file
2025-06-27 14:31:45,320 - INFO - Writing data to yellow_tripdata_2020-02.parquet
2025-06-27 14:31:53,741 - ERROR - Cannot download file yellow_tripdata_2020-01.parquet because: Incomplete download for file
2025-06-27 14:31:56,111 - INFO - Writing data to yellow_tripdata_2020-01.parquet
2025-06-27 14:32:02,737 - ERROR - Cannot download file yellow_tripdata_2020-02.parquet because: Incomplete download for file
2025-06-27 14:32:02,738 - ERROR - Failed to download yellow_tripdata_2020-02.parquet after all attempts
2025-06-27 14:32:13,012 - ERROR - Cannot download file yellow_tripdata_2020-01.parquet because: Incomplete download for file
2025-06-27 14:32:13,012 - ERROR - Failed to download yellow_tripdata_2020-01.parquet after all attempts
2025-06-27 14:40:40,111 - INFO - Writing data to yellow_tripdata_2020-02.parquet
2025-06-27 14:40:40,116 - INFO - Writing data to yellow_tripdata_2020-01.parquet
2025-06-27 14:47:21,301 - INFO - Writing data to yellow_tripdata_2020-01.parquet
2025-06-27 14:47:21,305 - INFO - Writing data to yellow_tripdata_2020-02.parquet
2025-06-27 14:49:20,421 - INFO - Writing data to yellow_tripdata_2020-02.parquet
2025-06-27 14:49:20,448 - INFO - Writing data to yellow_tripdata_2020-01.parquet
2025-06-27 14:49:40,602 - ERROR - Cannot download file yellow_tripdata_2020-02.parquet because: Incomplete download for file
2025-06-27 14:49:42,915 - INFO - Writing data to yellow_tripdata_2020-02.parquet
2025-06-27 14:49:46,966 - ERROR - Cannot download file yellow_tripdata_2020-01.parquet because: Incomplete download for file
2025-06-27 14:49:49,195 - INFO - Writing data to yellow_tripdata_2020-01.parquet
2025-06-27 14:50:02,297 - ERROR - Cannot download file yellow_tripdata_2020-02.parquet because: Incomplete download for file
2025-06-27 14:50:04,490 - INFO - Writing data to yellow_tripdata_2020-02.parquet
2025-06-27 14:50:10,522 - ERROR - Cannot download file yellow_tripdata_2020-01.parquet because: Incomplete download for file
2025-06-27 14:50:12,711 - INFO - Writing data to yellow_tripdata_2020-01.parquet
2025-06-27 14:50:26,106 - ERROR - Cannot download file yellow_tripdata_2020-02.parquet because: Incomplete download for file
2025-06-27 14:50:26,107 - ERROR - Failed to download yellow_tripdata_2020-02.parquet after all attempts
2025-06-27 14:50:30,636 - ERROR - Cannot download file yellow_tripdata_2020-01.parquet because: Incomplete download for file
2025-06-27 14:50:30,637 - ERROR - Failed to download yellow_tripdata_2020-01.parquet after all attempts
2025-06-27 15:02:28,577 - INFO - Writing data to yellow_tripdata_2020-01.parquet
2025-06-27 15:02:28,615 - INFO - Writing data to yellow_tripdata_2020-02.parquet
2025-06-27 15:02:48,944 - ERROR - Cannot download file yellow_tripdata_2020-01.parquet because: Incomplete download for file
2025-06-27 15:02:50,688 - ERROR - Cannot download file yellow_tripdata_2020-02.parquet because: Incomplete download for file
2025-06-27 15:02:51,126 - INFO - Writing data to yellow_tripdata_2020-01.parquet
2025-06-27 15:02:52,911 - INFO - Writing data to yellow_tripdata_2020-02.parquet
2025-06-27 15:03:11,704 - ERROR - Cannot download file yellow_tripdata_2020-02.parquet because: Incomplete download for file
2025-06-27 15:03:12,064 - ERROR - Cannot download file yellow_tripdata_2020-01.parquet because: Incomplete download for file
2025-06-27 15:03:13,891 - INFO - Writing data to yellow_tripdata_2020-02.parquet
2025-06-27 15:03:14,243 - INFO - Writing data to yellow_tripdata_2020-01.parquet
2025-06-27 15:03:31,431 - ERROR - Cannot download file yellow_tripdata_2020-02.parquet because: Incomplete download for file
2025-06-27 15:03:31,431 - ERROR - Failed to download yellow_tripdata_2020-02.parquet after all attempts
2025-06-27 15:03:34,020 - ERROR - Cannot download file yellow_tripdata_2020-01.parquet because: Incomplete download for file
2025-06-27 15:03:34,024 - ERROR - Failed to download yellow_tripdata_2020-01.parquet after all attempts
2025-06-27 16:51:02,637 - INFO - Writing data to tlc-trip-record-data.page
2025-06-27 16:51:02,642 - ERROR - Cannot download file tlc-trip-record-data.page because: Incomplete download for file
2025-06-27 16:51:02,643 - INFO - Writing data to tlc-trip-record-data.page
2025-06-27 16:51:02,645 - ERROR - Cannot download file tlc-trip-record-data.page because: Incomplete download for file
2025-06-27 16:51:04,705 - INFO - Writing data to tlc-trip-record-data.page
2025-06-27 16:51:04,707 - ERROR - Cannot download file tlc-trip-record-data.page because: Incomplete download for file
2025-06-27 16:51:04,708 - INFO - Writing data to tlc-trip-record-data.page
2025-06-27 16:51:04,709 - ERROR - Cannot download file tlc-trip-record-data.page because: Incomplete download for file
2025-06-27 16:51:06,766 - INFO - Writing data to tlc-trip-record-data.page
2025-06-27 16:51:06,768 - ERROR - Cannot download file tlc-trip-record-data.page because: Incomplete download for file
2025-06-27 16:51:06,769 - ERROR - Failed to download tlc-trip-record-data.page after all attempts
2025-06-27 16:51:06,769 - INFO - Writing data to tlc-trip-record-data.page
2025-06-27 16:51:06,770 - ERROR - Cannot download file tlc-trip-record-data.page because: Incomplete download for file
2025-06-27 16:51:06,770 - ERROR - Failed to download tlc-trip-record-data.page after all attempts
2025-06-27 16:52:02,142 - INFO - Writing data to tlc-trip-record-data.page
2025-06-27 16:52:02,146 - ERROR - Cannot download file tlc-trip-record-data.page because: Incomplete download for file
2025-06-27 16:52:02,148 - INFO - Writing data to tlc-trip-record-data.page
2025-06-27 16:52:02,149 - ERROR - Cannot download file tlc-trip-record-data.page because: Incomplete download for file
2025-06-27 16:52:04,189 - INFO - Writing data to tlc-trip-record-data.page
2025-06-27 16:52:04,191 - ERROR - Cannot download file tlc-trip-record-data.page because: Incomplete download for file
2025-06-27 16:52:04,198 - INFO - Writing data to tlc-trip-record-data.page
2025-06-27 16:52:04,198 - ERROR - Cannot download file tlc-trip-record-data.page because: Incomplete download for file
2025-06-27 16:52:06,349 - INFO - Writing data to tlc-trip-record-data.page
2025-06-27 16:52:06,351 - ERROR - Cannot download file tlc-trip-record-data.page because: Incomplete download for file
2025-06-27 16:52:06,351 - ERROR - Failed to download tlc-trip-record-data.page after all attempts
2025-06-27 16:52:06,353 - INFO - Writing data to tlc-trip-record-data.page
2025-06-27 16:52:06,354 - ERROR - Cannot download file tlc-trip-record-data.page because: Incomplete download for file
2025-06-27 16:52:06,354 - ERROR - Failed to download tlc-trip-record-data.page after all attempts
2025-06-27 16:52:16,332 - INFO - Writing data to tlc-trip-record-data.page
2025-06-27 16:52:16,333 - ERROR - Cannot download file tlc-trip-record-data.page because: Incomplete download for file
2025-06-27 16:52:16,334 - INFO - Writing data to tlc-trip-record-data.page
2025-06-27 16:52:16,335 - ERROR - Cannot download file tlc-trip-record-data.page because: Incomplete download for file
2025-06-27 16:52:18,401 - INFO - Writing data to tlc-trip-record-data.page
2025-06-27 16:52:18,403 - ERROR - Cannot download file tlc-trip-record-data.page because: Incomplete download for file
2025-06-27 16:52:18,404 - INFO - Writing data to tlc-trip-record-data.page
2025-06-27 16:52:18,405 - ERROR - Cannot download file tlc-trip-record-data.page because: Incomplete download for file
2025-06-27 16:52:20,459 - INFO - Writing data to tlc-trip-record-data.page
2025-06-27 16:52:20,461 - ERROR - Cannot download file tlc-trip-record-data.page because: Incomplete download for file
2025-06-27 16:52:20,462 - ERROR - Failed to download tlc-trip-record-data.page after all attempts
2025-06-27 16:52:20,462 - INFO - Writing data to tlc-trip-record-data.page
2025-06-27 16:52:20,463 - ERROR - Cannot download file tlc-trip-record-data.page because: Incomplete download for file
2025-06-27 16:52:20,464 - ERROR - Failed to download tlc-trip-record-data.page after all attempts
2025-06-27 16:54:47,778 - INFO - Writing data to tlc-trip-record-data.page
2025-06-27 16:54:47,780 - ERROR - Cannot download file tlc-trip-record-data.page because: Incomplete download for file
2025-06-27 16:54:47,782 - INFO - Writing data to tlc-trip-record-data.page
2025-06-27 16:54:47,784 - ERROR - Cannot download file tlc-trip-record-data.page because: Incomplete download for file
2025-06-27 16:54:49,888 - INFO - Writing data to tlc-trip-record-data.page
2025-06-27 16:54:49,890 - ERROR - Cannot download file tlc-trip-record-data.page because: Incomplete download for file
2025-06-27 16:54:49,906 - INFO - Writing data to tlc-trip-record-data.page
2025-06-27 16:54:49,907 - ERROR - Cannot download file tlc-trip-record-data.page because: Incomplete download for file
2025-06-27 16:54:51,993 - INFO - Writing data to tlc-trip-record-data.page
2025-06-27 16:54:51,994 - ERROR - Cannot download file tlc-trip-record-data.page because: Incomplete download for file
2025-06-27 16:54:51,994 - ERROR - Failed to download tlc-trip-record-data.page after all attempts
2025-06-27 16:54:52,818 - INFO - Writing data to tlc-trip-record-data.page
2025-06-27 16:54:52,820 - ERROR - Cannot download file tlc-trip-record-data.page because: Incomplete download for file
2025-06-27 16:54:52,821 - ERROR - Failed to download tlc-trip-record-data.page after all attempts
2025-06-27 16:55:29,503 - INFO - Writing data to tlc-trip-record-data.page
2025-06-27 16:55:29,505 - ERROR - Cannot download file tlc-trip-record-data.page because: Incomplete download for file
2025-06-27 16:55:29,520 - INFO - Writing data to tlc-trip-record-data.page
2025-06-27 16:55:29,521 - ERROR - Cannot download file tlc-trip-record-data.page because: Incomplete download for file
2025-06-27 16:55:31,577 - INFO - Writing data to tlc-trip-record-data.page
2025-06-27 16:55:31,579 - ERROR - Cannot download file tlc-trip-record-data.page because: Incomplete download for file
2025-06-27 16:55:31,580 - INFO - Writing data to tlc-trip-record-data.page
2025-06-27 16:55:31,582 - ERROR - Cannot download file tlc-trip-record-data.page because: Incomplete download for file
2025-06-27 16:55:33,658 - INFO - Writing data to tlc-trip-record-data.page
2025-06-27 16:55:33,660 - ERROR - Cannot download file tlc-trip-record-data.page because: Incomplete download for file
2025-06-27 16:55:33,661 - ERROR - Failed to download tlc-trip-record-data.page after all attempts
2025-06-27 16:55:33,672 - INFO - Writing data to tlc-trip-record-data.page
2025-06-27 16:55:33,675 - ERROR - Cannot download file tlc-trip-record-data.page because: Incomplete download for file
2025-06-27 16:55:33,676 - ERROR - Failed to download tlc-trip-record-data.page after all attempts
2025-06-27 16:55:54,936 - INFO - Writing data to yellow_tripdata_2020-01.parquet
2025-06-27 16:55:54,937 - INFO - Writing data to yellow_tripdata_2020-02.parquet
2025-06-27 16:56:17,932 - ERROR - Cannot download file yellow_tripdata_2020-02.parquet because: Incomplete download for file
2025-06-27 16:56:20,195 - INFO - Writing data to yellow_tripdata_2020-02.parquet
2025-06-27 16:56:20,218 - ERROR - Cannot download file yellow_tripdata_2020-01.parquet because: Incomplete download for file
2025-06-27 16:56:22,425 - INFO - Writing data to yellow_tripdata_2020-01.parquet
2025-06-27 16:56:41,570 - ERROR - Cannot download file yellow_tripdata_2020-01.parquet because: Incomplete download for file
2025-06-27 16:56:42,066 - ERROR - Cannot download file yellow_tripdata_2020-02.parquet because: Incomplete download for file
2025-06-27 16:56:43,832 - INFO - Writing data to yellow_tripdata_2020-01.parquet
2025-06-27 16:56:44,412 - INFO - Writing data to yellow_tripdata_2020-02.parquet
2025-06-27 16:57:04,892 - ERROR - Cannot download file yellow_tripdata_2020-02.parquet because: Incomplete download for file
2025-06-27 16:57:04,893 - ERROR - Failed to download yellow_tripdata_2020-02.parquet after all attempts
2025-06-27 16:57:04,922 - ERROR - Cannot download file yellow_tripdata_2020-01.parquet because: Incomplete download for file
2025-06-27 16:57:04,922 - ERROR - Failed to download yellow_tripdata_2020-01.parquet after all attempts
2025-06-27 17:03:33,116 - INFO - Writing data to yellow_tripdata_2020-02.parquet
2025-06-27 17:03:33,154 - INFO - Writing data to yellow_tripdata_2020-01.parquet
2025-06-27 17:04:01,824 - ERROR - Cannot download file yellow_tripdata_2020-01.parquet because: Incomplete download for file
2025-06-27 17:04:04,116 - INFO - Writing data to yellow_tripdata_2020-01.parquet
2025-06-27 17:04:10,904 - ERROR - Cannot download file yellow_tripdata_2020-02.parquet because: Incomplete download for file
2025-06-27 17:04:13,621 - INFO - Writing data to yellow_tripdata_2020-02.parquet
2025-06-27 17:04:44,090 - ERROR - Cannot download file yellow_tripdata_2020-01.parquet because: Incomplete download for file
2025-06-27 17:04:46,325 - INFO - Writing data to yellow_tripdata_2020-01.parquet
2025-06-27 17:04:48,829 - ERROR - Cannot download file yellow_tripdata_2020-02.parquet because: Incomplete download for file
2025-06-27 17:04:51,160 - INFO - Writing data to yellow_tripdata_2020-02.parquet
2025-06-27 17:05:06,376 - ERROR - Cannot download file yellow_tripdata_2020-01.parquet because: Incomplete download for file
2025-06-27 17:05:06,379 - ERROR - Failed to download yellow_tripdata_2020-01.parquet after all attempts
2025-06-27 17:05:09,254 - ERROR - Cannot download file yellow_tripdata_2020-02.parquet because: Incomplete download for file
2025-06-27 17:05:09,256 - ERROR - Failed to download yellow_tripdata_2020-02.parquet after all attempts
